<?xml version='1.0' encoding='UTF-8'?>
<testsuite hostname="Marias-MacBook-Pro.local" name="atomicInteger.AtomicIntegerTest" tests="3" errors="0" failures="0" skipped="0" time="5.75" timestamp="2019-11-12T18:37:21">
                     <properties>
[...]
</properties>
                     <testcase classname="atomicInteger.AtomicIntegerTest" name="Should update value to 1" time="0.016">
                                                 
                                               </testcase><testcase classname="atomicInteger.AtomicIntegerTest" name="should make sure that only one thread considers writing successful if they race" time="3.757">
                                                 
                                               </testcase><testcase classname="atomicInteger.AtomicIntegerTest" name="should not update the value when the test fails" time="1.977">
                                                 
                                               </testcase>
                     <system-out><![CDATA[]]></system-out>
                     <system-err><![CDATA[]]></system-err>
                   </testsuite>